[debug] [2025-11-07T16:44:03.760Z] ----------------------------------------------------------------------
[debug] [2025-11-07T16:44:03.764Z] Command:       C:\Program Files\nodejs\node.exe C:\Users\matie\AppData\Roaming\npm\node_modules\firebase-tools\lib\bin\firebase.js init hosting
[debug] [2025-11-07T16:44:03.764Z] CLI Version:   14.24.0
[debug] [2025-11-07T16:44:03.764Z] Platform:      win32
[debug] [2025-11-07T16:44:03.764Z] Node Version:  v22.14.0
[debug] [2025-11-07T16:44:03.765Z] Time:          Fri Nov 07 2025 13:44:03 GMT-0300 (hora estándar de Argentina)
[debug] [2025-11-07T16:44:03.765Z] ----------------------------------------------------------------------
[debug] 
[info] 
     ######## #### ########  ######## ########     ###     ######  ########
     ##        ##  ##     ## ##       ##     ##  ##   ##  ##       ##
     ######    ##  ########  ######   ########  #########  ######  ######
     ##        ##  ##    ##  ##       ##     ## ##     ##       ## ##
     ##       #### ##     ## ######## ########  ##     ##  ######  ########

You're about to initialize a Firebase project in this directory:

  D:\ORT\Materias\2do2do\PF\Proyecto\backend\frontend\nestle_application

[info] 
=== Project Setup
[info] 
[info] First, let's associate this project directory with a Firebase project.
[info] You can create multiple project aliases by running firebase use --add, 
[info] 
[debug] [2025-11-07T16:45:40.549Z] > command requires scopes: ["email","openid","https://www.googleapis.com/auth/cloudplatformprojects.readonly","https://www.googleapis.com/auth/firebase","https://www.googleapis.com/auth/cloud-platform"]
[debug] [2025-11-07T16:45:40.550Z] > authorizing via signed-in user (trabajopracticonestle@gmail.com)
[debug] [2025-11-07T16:45:40.551Z] Checked if tokens are valid: true, expires at: 1762537403293
[debug] [2025-11-07T16:45:40.551Z] Checked if tokens are valid: true, expires at: 1762537403293
[debug] [2025-11-07T16:45:40.552Z] >>> [apiv2][query] GET https://firebase.googleapis.com/v1beta1/projects pageSize=100
[debug] [2025-11-07T16:45:41.128Z] <<< [apiv2][status] GET https://firebase.googleapis.com/v1beta1/projects 200
[debug] [2025-11-07T16:45:41.128Z] <<< [apiv2][body] GET https://firebase.googleapis.com/v1beta1/projects [omitted]
[info] 
=== Hosting Setup
[debug] [2025-11-07T16:45:58.735Z] Checked if tokens are valid: true, expires at: 1762537403293
[debug] [2025-11-07T16:45:58.735Z] Checked if tokens are valid: true, expires at: 1762537403293
[debug] [2025-11-07T16:45:58.735Z] >>> [apiv2][query] GET https://firebase.googleapis.com/v1beta1/projects/analisis-de-artes [none]
[debug] [2025-11-07T16:45:59.058Z] <<< [apiv2][status] GET https://firebase.googleapis.com/v1beta1/projects/analisis-de-artes 200
[debug] [2025-11-07T16:45:59.058Z] <<< [apiv2][body] GET https://firebase.googleapis.com/v1beta1/projects/analisis-de-artes {"projectId":"analisis-de-artes","projectNumber":"241241482881","displayName":"Analisis de artes","name":"projects/analisis-de-artes","resources":{"hostingSite":"analisis-de-artes"},"state":"ACTIVE","etag":"1_9f488860-8564-4d2c-9b75-9062b0286a77"}
[info] 
[info] Your public directory is the folder (relative to your project directory) that
[info] will contain Hosting assets to be uploaded with firebase deploy. If you
[info] have a build process for your assets, use your build's output directory.
[info] 
[debug] [2025-11-07T16:46:12.217Z] ExitPromptError: User force closed the prompt with SIGINT
    at Interface.sigint (C:\Users\matie\AppData\Roaming\npm\node_modules\firebase-tools\node_modules\@inquirer\core\dist\commonjs\lib\create-prompt.js:101:37)
    at Interface.emit (node:events:518:28)
    at Interface.emit (node:domain:489:12)
    at [_ttyWrite] [as _ttyWrite] (node:internal/readline/interface:1124:18)
    at ReadStream.onkeypress (node:internal/readline/interface:263:20)
    at ReadStream.emit (node:events:530:35)
    at ReadStream.emit (node:domain:489:12)
    at emitKeys (node:internal/readline/utils:370:14)
    at emitKeys.next (<anonymous>)
    at ReadStream.onData (node:internal/readline/emitKeypressEvents:64:36)
[error] 
[error] Error: An unexpected error has occurred.
[debug] [2025-11-07T16:46:20.268Z] ----------------------------------------------------------------------
[debug] [2025-11-07T16:46:20.272Z] Command:       C:\Program Files\nodejs\node.exe C:\Users\matie\AppData\Roaming\npm\node_modules\firebase-tools\lib\bin\firebase.js init hosting
[debug] [2025-11-07T16:46:20.272Z] CLI Version:   14.24.0
[debug] [2025-11-07T16:46:20.272Z] Platform:      win32
[debug] [2025-11-07T16:46:20.272Z] Node Version:  v22.14.0
[debug] [2025-11-07T16:46:20.272Z] Time:          Fri Nov 07 2025 13:46:20 GMT-0300 (hora estándar de Argentina)
[debug] [2025-11-07T16:46:20.272Z] ----------------------------------------------------------------------
[debug] 
[info] 
     ######## #### ########  ######## ########     ###     ######  ########
     ##        ##  ##     ## ##       ##     ##  ##   ##  ##       ##
     ######    ##  ########  ######   ########  #########  ######  ######
     ##        ##  ##    ##  ##       ##     ## ##     ##       ## ##
     ##       #### ##     ## ######## ########  ##     ##  ######  ########

You're about to initialize a Firebase project in this directory:

  D:\ORT\Materias\2do2do\PF\Proyecto\backend\frontend\nestle_application

[debug] [2025-11-07T16:47:48.112Z] ExitPromptError: User force closed the prompt with SIGINT
    at Interface.sigint (C:\Users\matie\AppData\Roaming\npm\node_modules\firebase-tools\node_modules\@inquirer\core\dist\commonjs\lib\create-prompt.js:101:37)
    at Interface.emit (node:events:518:28)
    at Interface.emit (node:domain:489:12)
    at [_ttyWrite] [as _ttyWrite] (node:internal/readline/interface:1124:18)
    at ReadStream.onkeypress (node:internal/readline/interface:263:20)
    at ReadStream.emit (node:events:530:35)
    at ReadStream.emit (node:domain:489:12)
    at emitKeys (node:internal/readline/utils:370:14)
    at emitKeys.next (<anonymous>)
    at ReadStream.onData (node:internal/readline/emitKeypressEvents:64:36)
[error] 
[error] Error: An unexpected error has occurred.
